2020-Mar-24 20:16:17 PM [main] DEBUG org.hibernate.SQL - 
    insert 
    into
        Pet
        (age, fav_food, fav_napping_spot, name, species) 
    values
        (?, ?, ?, ?, ?)
2020-Mar-24 20:16:17 PM [main] TRACE org.hibernate.type.descriptor.sql.BasicBinder - binding parameter [1] as [INTEGER] - [3]
2020-Mar-24 20:16:17 PM [main] TRACE org.hibernate.type.descriptor.sql.BasicBinder - binding parameter [2] as [VARCHAR] - [pork chops]
2020-Mar-24 20:16:17 PM [main] TRACE org.hibernate.type.descriptor.sql.BasicBinder - binding parameter [3] as [VARCHAR] - [foot of bed]
2020-Mar-24 20:16:17 PM [main] TRACE org.hibernate.type.descriptor.sql.BasicBinder - binding parameter [4] as [VARCHAR] - [Rusty]
2020-Mar-24 20:16:17 PM [main] TRACE org.hibernate.type.descriptor.sql.BasicBinder - binding parameter [5] as [VARCHAR] - [dog]
2020-Mar-24 20:16:17 PM [main] DEBUG org.hibernate.SQL - 
    update
        Pet 
    set
        age=?,
        fav_food=?,
        fav_napping_spot=?,
        name=?,
        species=? 
    where
        id=?
2020-Mar-24 20:16:17 PM [main] TRACE org.hibernate.type.descriptor.sql.BasicBinder - binding parameter [1] as [INTEGER] - [3]
2020-Mar-24 20:16:17 PM [main] TRACE org.hibernate.type.descriptor.sql.BasicBinder - binding parameter [2] as [VARCHAR] - [pork chops]
2020-Mar-24 20:16:17 PM [main] TRACE org.hibernate.type.descriptor.sql.BasicBinder - binding parameter [3] as [VARCHAR] - [love seat]
2020-Mar-24 20:16:17 PM [main] TRACE org.hibernate.type.descriptor.sql.BasicBinder - binding parameter [4] as [VARCHAR] - [Rusty]
2020-Mar-24 20:16:17 PM [main] TRACE org.hibernate.type.descriptor.sql.BasicBinder - binding parameter [5] as [VARCHAR] - [dog]
2020-Mar-24 20:16:17 PM [main] TRACE org.hibernate.type.descriptor.sql.BasicBinder - binding parameter [6] as [BIGINT] - [7]
2020-Mar-24 20:16:17 PM [main] DEBUG org.hibernate.SQL - 
    update
        Pet 
    set
        age=?,
        fav_food=?,
        fav_napping_spot=?,
        name=?,
        species=? 
    where
        id=?
2020-Mar-24 20:16:17 PM [main] TRACE org.hibernate.type.descriptor.sql.BasicBinder - binding parameter [1] as [INTEGER] - [3]
2020-Mar-24 20:16:17 PM [main] TRACE org.hibernate.type.descriptor.sql.BasicBinder - binding parameter [2] as [VARCHAR] - [pork chops]
2020-Mar-24 20:16:17 PM [main] TRACE org.hibernate.type.descriptor.sql.BasicBinder - binding parameter [3] as [VARCHAR] - [office couch]
2020-Mar-24 20:16:17 PM [main] TRACE org.hibernate.type.descriptor.sql.BasicBinder - binding parameter [4] as [VARCHAR] - [Rusty]
2020-Mar-24 20:16:17 PM [main] TRACE org.hibernate.type.descriptor.sql.BasicBinder - binding parameter [5] as [VARCHAR] - [dog]
2020-Mar-24 20:16:17 PM [main] TRACE org.hibernate.type.descriptor.sql.BasicBinder - binding parameter [6] as [BIGINT] - [7]
2020-Mar-24 20:16:17 PM [main] DEBUG org.hibernate.SQL - 
    SELECT
        p.id 
    FROM
        pet p
2020-Mar-24 20:16:17 PM [main] TRACE org.hibernate.type.descriptor.sql.BasicExtractor - extracted value ([id] : [INTEGER]) - [1]
2020-Mar-24 20:16:17 PM [main] TRACE org.hibernate.type.descriptor.sql.BasicExtractor - extracted value ([id] : [INTEGER]) - [2]
2020-Mar-24 20:16:17 PM [main] TRACE org.hibernate.type.descriptor.sql.BasicExtractor - extracted value ([id] : [INTEGER]) - [3]
2020-Mar-24 20:16:17 PM [main] TRACE org.hibernate.type.descriptor.sql.BasicExtractor - extracted value ([id] : [INTEGER]) - [7]
2020-Mar-24 20:16:17 PM [main] DEBUG org.hibernate.SQL - 
    update
        Pet 
    set
        age=?,
        fav_food=?,
        fav_napping_spot=?,
        name=?,
        species=? 
    where
        id=?
2020-Mar-24 20:16:17 PM [main] TRACE org.hibernate.type.descriptor.sql.BasicBinder - binding parameter [1] as [INTEGER] - [4]
2020-Mar-24 20:16:17 PM [main] TRACE org.hibernate.type.descriptor.sql.BasicBinder - binding parameter [2] as [VARCHAR] - [pork chops]
2020-Mar-24 20:16:17 PM [main] TRACE org.hibernate.type.descriptor.sql.BasicBinder - binding parameter [3] as [VARCHAR] - [office couch]
2020-Mar-24 20:16:17 PM [main] TRACE org.hibernate.type.descriptor.sql.BasicBinder - binding parameter [4] as [VARCHAR] - [Rusty]
2020-Mar-24 20:16:17 PM [main] TRACE org.hibernate.type.descriptor.sql.BasicBinder - binding parameter [5] as [VARCHAR] - [dog]
2020-Mar-24 20:16:17 PM [main] TRACE org.hibernate.type.descriptor.sql.BasicBinder - binding parameter [6] as [BIGINT] - [7]
2020-Mar-24 20:16:17 PM [main] DEBUG org.hibernate.SQL - 
    delete 
    from
        Pet 
    where
        id=?
2020-Mar-24 20:16:17 PM [main] TRACE org.hibernate.type.descriptor.sql.BasicBinder - binding parameter [1] as [BIGINT] - [7]
